   915 12.86 0.00 0.71           CP002687.1     41647     41787 (18543269) +               SINE_0     Unspecified       2     141    (29)    
   711 19.12 0.73 0.73           CP002687.1    602037    602173 (17982883) C               SINE_0     Unspecified    (29)     141       5    
   814 18.95 1.30 0.65           CP002687.1   1007004   1007157 (17577899) C               SINE_0     Unspecified     (2)     168      14    
   569 15.56 1.11 0.00           CP002687.1   1932644   1932733 (16652323) +               SINE_0     Unspecified      75     165     (5)    
   929 11.68 9.03 0.60           CP002687.1   2180294   2180448 (16404608) C               SINE_0     Unspecified     (2)     168       1    
   535 8.51 24.47 0.00           CP002687.1   2261711   2261804 (16323252) +               SINE_0     Unspecified      13     129    (41)    
   750 13.01 0.81 0.81           CP002687.1   2292236   2292359 (16292697) +               SINE_0     Unspecified       6     129    (41)    
  1165 9.58 0.60 0.00           CP002687.1   2390868   2391034 (16194022) +               SINE_0     Unspecified       1     168     (2)    
  1545 0.00 0.00 0.00           CP002687.1   2412599   2412768 (16172288) +               SINE_0     Unspecified       1     170     (0)    
   725 18.95 7.79 0.61           CP002687.1   2617857   2618010 (15967046) C               SINE_0     Unspecified     (2)     168       4    
   594 15.68 0.00 0.98           CP002687.1   5313099   5313201 (13271855) C               SINE_0     Unspecified    (68)     102       1    
   325 20.31 0.00 0.00           CP002687.1   5366141   5366204 (13218852) +               SINE_0     Unspecified      49     112    (58)    
   404 22.50 0.00 8.93           CP002687.1   5698808   5698929 (12886127) C               SINE_0     Unspecified    (57)     113       2    
   586 24.83 5.84 0.62           CP002687.1   5792817   5792970 (12792086) C               SINE_0     Unspecified     (8)     162       1    
   763 14.85 0.78 0.78           CP002687.1   6290630   6290758 (12294298) +               SINE_0     Unspecified      40     168     (2)    
  1048 12.81 0.61 0.61           CP002687.1   6359735   6359899 (12225157) +               SINE_0     Unspecified       4     168     (2)    
  1075 12.88 0.61 0.00           CP002687.1   7150027   7150189 (11434867) C               SINE_0     Unspecified     (2)     168       5    
   486 16.88 0.00 0.00           CP002687.1   7329830   7329906 (11255150) C               SINE_0     Unspecified    (92)      78       2    
   374 16.19 0.00 2.94           CP002687.1   7611782   7611851 (10973205) +               SINE_0     Unspecified       1      68   (102)    
   607 9.89 0.00 1.10           CP002687.1   8345617   8345708 (10239348) +               SINE_0     Unspecified       1      91    (79)    
   331 29.93 5.06 0.61           CP002687.1   8351560   8351717 (10233339) C               SINE_0     Unspecified     (1)     169       5    
  1056 13.75 0.62 0.00           CP002687.1   8465854   8466013 (10119043) C               SINE_0     Unspecified     (2)     168       8    
   242 26.09 0.00 1.45           CP002687.1   8801264   8801333 (9783723) +               SINE_0     Unspecified       1      69   (101)    
   807 20.39 0.65 0.65           CP002687.1   9756949   9757101 (8827955) C               SINE_0     Unspecified    (14)     156       4    
  1029 13.41 0.61 0.61           CP002687.1   9927877   9928041 (8657015) +               SINE_0     Unspecified       1     165     (5)    
   410 28.85 0.00 0.96           CP002687.1  10192586  10192690 (8392366) C               SINE_0     Unspecified    (60)     110       7    
  1219 7.79 0.60 0.60           CP002687.1  10427160  10427327 (8157729) +               SINE_0     Unspecified       1     168     (2)    
   275 32.00 0.00 0.00           CP002687.1  10730932  10731006 (7854050) +               SINE_0     Unspecified      26     100    (70)    
