   SW   perc perc perc  query       position in query              matching repeat        position in repeat
score   div. del. ins.  sequence    begin    end          (left)   repeat   class/family begin  end    (left)  ID

  915   12.9  0.0  0.7  CP002687.1     41647    41787 (18543269) + SINE_0   Unspecified      2    141   (29)   1  
  711   19.1  0.7  0.7  CP002687.1    602037   602173 (17982883) C SINE_0   Unspecified   (29)    141      5   2  
  814   18.9  1.3  0.7  CP002687.1   1007004  1007157 (17577899) C SINE_0   Unspecified    (2)    168     14   3  
  569   15.6  1.1  0.0  CP002687.1   1932644  1932733 (16652323) + SINE_0   Unspecified     75    165    (5)   4  
  929   11.7  9.0  0.6  CP002687.1   2180294  2180448 (16404608) C SINE_0   Unspecified    (2)    168      1   5  
  535    8.5 24.5  0.0  CP002687.1   2261711  2261804 (16323252) + SINE_0   Unspecified     13    129   (41)   6  
  750   13.0  0.8  0.8  CP002687.1   2292236  2292359 (16292697) + SINE_0   Unspecified      6    129   (41)   7  
 1165    9.6  0.6  0.0  CP002687.1   2390868  2391034 (16194022) + SINE_0   Unspecified      1    168    (2)   8  
 1545    0.0  0.0  0.0  CP002687.1   2412599  2412768 (16172288) + SINE_0   Unspecified      1    170    (0)   9  
  725   18.9  7.8  0.6  CP002687.1   2617857  2618010 (15967046) C SINE_0   Unspecified    (2)    168      4  10  
  594   15.7  0.0  1.0  CP002687.1   5313099  5313201 (13271855) C SINE_0   Unspecified   (68)    102      1  11  
  325   20.3  0.0  0.0  CP002687.1   5366141  5366204 (13218852) + SINE_0   Unspecified     49    112   (58)  12  
  404   22.5  0.0  8.9  CP002687.1   5698808  5698929 (12886127) C SINE_0   Unspecified   (57)    113      2  13  
  586   24.8  5.8  0.6  CP002687.1   5792817  5792970 (12792086) C SINE_0   Unspecified    (8)    162      1  14  
  763   14.8  0.8  0.8  CP002687.1   6290630  6290758 (12294298) + SINE_0   Unspecified     40    168    (2)  15  
 1048   12.8  0.6  0.6  CP002687.1   6359735  6359899 (12225157) + SINE_0   Unspecified      4    168    (2)  16  
 1075   12.9  0.6  0.0  CP002687.1   7150027  7150189 (11434867) C SINE_0   Unspecified    (2)    168      5  17  
  486   16.9  0.0  0.0  CP002687.1   7329830  7329906 (11255150) C SINE_0   Unspecified   (92)     78      2  18  
  374   16.2  0.0  2.9  CP002687.1   7611782  7611851 (10973205) + SINE_0   Unspecified      1     68  (102)  19  
  607    9.9  0.0  1.1  CP002687.1   8345617  8345708 (10239348) + SINE_0   Unspecified      1     91   (79)  20  
  331   29.9  5.1  0.6  CP002687.1   8351560  8351717 (10233339) C SINE_0   Unspecified    (1)    169      5  21  
 1056   13.8  0.6  0.0  CP002687.1   8465854  8466013 (10119043) C SINE_0   Unspecified    (2)    168      8  22  
  242   26.1  0.0  1.4  CP002687.1   8801264  8801333  (9783723) + SINE_0   Unspecified      1     69  (101)  23  
  807   20.4  0.7  0.7  CP002687.1   9756949  9757101  (8827955) C SINE_0   Unspecified   (14)    156      4  24  
 1029   13.4  0.6  0.6  CP002687.1   9927877  9928041  (8657015) + SINE_0   Unspecified      1    165    (5)  25  
  410   28.9  0.0  1.0  CP002687.1  10192586 10192690  (8392366) C SINE_0   Unspecified   (60)    110      7  26  
 1219    7.8  0.6  0.6  CP002687.1  10427160 10427327  (8157729) + SINE_0   Unspecified      1    168    (2)  27  
  275   32.0  0.0  0.0  CP002687.1  10730932 10731006  (7854050) + SINE_0   Unspecified     26    100   (70)  28  
